<?xml version="1.0" encoding="UTF-8"?>
<testsuite xmlns:xsi="http://www.w3.org/2001/XMLSchema-instance" xsi:noNamespaceSchemaLocation="https://maven.apache.org/surefire/maven-surefire-plugin/xsd/surefire-test-report.xsd" name="com.shopping.demo.RoverTest" time="0.046" tests="8" errors="0" skipped="0" failures="3">
  <properties>
[...]
</properties>
  <testcase name="turnsRightClockWise(N,E) [0]" classname="com.shopping.demo.RoverTest" time="0.001"/>
  <testcase name="turnsRightClockWise(E,S) [1]" classname="com.shopping.demo.RoverTest" time="0"/>
  <testcase name="turnsRightClockWise(S,W) [2]" classname="com.shopping.demo.RoverTest" time="0"/>
  <testcase name="turnsRightClockWise(W,N) [3]" classname="com.shopping.demo.RoverTest" time="0"/>
  <testcase name="turnsLeftantiClockWise(N,W) [0]" classname="com.shopping.demo.RoverTest" time="0"/>
  <testcase name="turnsLeftantiClockWise(W,S) [1]" classname="com.shopping.demo.RoverTest" time="0.004">
    <failure message="expected:&lt;[S]&gt; but was:&lt;[W]&gt;" type="org.junit.ComparisonFailure"><![CDATA[org.junit.ComparisonFailure: expected:<[S]> but was:<[W]>
	at com.shopping.demo.RoverTest.turnsLeftantiClockWise(RoverTest.java:39)
]]></failure>
  </testcase>
  <testcase name="turnsLeftantiClockWise(S,E) [2]" classname="com.shopping.demo.RoverTest" time="0">
    <failure message="expected:&lt;[E]&gt; but was:&lt;[W]&gt;" type="org.junit.ComparisonFailure"><![CDATA[org.junit.ComparisonFailure: expected:<[E]> but was:<[W]>
	at com.shopping.demo.RoverTest.turnsLeftantiClockWise(RoverTest.java:39)
]]></failure>
  </testcase>
  <testcase name="turnsLeftantiClockWise(E,N) [3]" classname="com.shopping.demo.RoverTest" time="0">
    <failure message="expected:&lt;[N]&gt; but was:&lt;[W]&gt;" type="org.junit.ComparisonFailure"><![CDATA[org.junit.ComparisonFailure: expected:<[N]> but was:<[W]>
	at com.shopping.demo.RoverTest.turnsLeftantiClockWise(RoverTest.java:39)
]]></failure>
  </testcase>
</testsuite>