<?xml version="1.0" encoding="UTF-8"?>
<testsuite xmlns:xsi="http://www.w3.org/2001/XMLSchema-instance" xsi:noNamespaceSchemaLocation="https://maven.apache.org/surefire/maven-surefire-plugin/xsd/surefire-test-report.xsd" name="com.shopping.demo.RoverTest" time="0.046" tests="8" errors="0" skipped="0" failures="3">
  <properties>
    <property name="java.specification.version" value="17"/>
    <property name="sun.jnu.encoding" value="UTF-8"/>
    <property name="java.class.path" value="/Users/massimo.sposato/Documents/ws-sts/shoppingBasketDemo/target/test-classes:/Users/massimo.sposato/Documents/ws-sts/shoppingBasketDemo/target/classes:/Users/massimo.sposato/.m2/repository/junit/junit/4.12/junit-4.12.jar:/Users/massimo.sposato/.m2/repository/org/hamcrest/hamcrest-core/1.3/hamcrest-core-1.3.jar:/Users/massimo.sposato/.m2/repository/pl/pragmatists/JUnitParams/1.1.0/JUnitParams-1.1.0.jar:"/>
    <property name="java.vm.vendor" value="Eclipse Adoptium"/>
    <property name="sun.arch.data.model" value="64"/>
    <property name="java.vendor.url" value="https://adoptium.net/"/>
    <property name="os.name" value="Mac OS X"/>
    <property name="java.vm.specification.version" value="17"/>
    <property name="sun.java.launcher" value="SUN_STANDARD"/>
    <property name="user.country" value="GB"/>
    <property name="sun.boot.library.path" value="/Applications/SpringToolSuite4.app/Contents/Eclipse/plugins/org.eclipse.justj.openjdk.hotspot.jre.full.macosx.x86_64_17.0.3.v20220515-1416/jre/lib"/>
    <property name="sun.java.command" value="/Users/massimo.sposato/Documents/ws-sts/shoppingBasketDemo/target/surefire/surefirebooter5306904244877278705.jar /Users/massimo.sposato/Documents/ws-sts/shoppingBasketDemo/target/surefire 2022-10-04T17-01-29_535-jvmRun1 surefire8347046330816284561tmp surefire_016205605641430144901tmp"/>
    <property name="jdk.debug" value="release"/>
    <property name="surefire.test.class.path" value="/Users/massimo.sposato/Documents/ws-sts/shoppingBasketDemo/target/test-classes:/Users/massimo.sposato/Documents/ws-sts/shoppingBasketDemo/target/classes:/Users/massimo.sposato/.m2/repository/junit/junit/4.12/junit-4.12.jar:/Users/massimo.sposato/.m2/repository/org/hamcrest/hamcrest-core/1.3/hamcrest-core-1.3.jar:/Users/massimo.sposato/.m2/repository/pl/pragmatists/JUnitParams/1.1.0/JUnitParams-1.1.0.jar:"/>
    <property name="sun.cpu.endian" value="little"/>
    <property name="user.home" value="/Users/massimo.sposato"/>
    <property name="user.language" value="en"/>
    <property name="java.specification.vendor" value="Oracle Corporation"/>
    <property name="java.version.date" value="2022-04-19"/>
    <property name="java.home" value="/Applications/SpringToolSuite4.app/Contents/Eclipse/plugins/org.eclipse.justj.openjdk.hotspot.jre.full.macosx.x86_64_17.0.3.v20220515-1416/jre"/>
    <property name="file.separator" value="/"/>
    <property name="style.color" value="always"/>
    <property name="basedir" value="/Users/massimo.sposato/Documents/ws-sts/shoppingBasketDemo"/>
    <property name="java.vm.compressedOopsMode" value="Zero based"/>
    <property name="line.separator" value="&#10;"/>
    <property name="java.vm.specification.vendor" value="Oracle Corporation"/>
    <property name="java.specification.name" value="Java Platform API Specification"/>
    <property name="surefire.real.class.path" value="/Users/massimo.sposato/Documents/ws-sts/shoppingBasketDemo/target/surefire/surefirebooter5306904244877278705.jar"/>
    <property name="sun.management.compiler" value="HotSpot 64-Bit Tiered Compilers"/>
    <property name="java.runtime.version" value="17.0.3+7"/>
    <property name="user.name" value="massimo.sposato"/>
    <property name="path.separator" value=":"/>
    <property name="os.version" value="12.5"/>
    <property name="java.runtime.name" value="OpenJDK Runtime Environment"/>
    <property name="file.encoding" value="UTF-8"/>
    <property name="java.vm.name" value="OpenJDK 64-Bit Server VM"/>
    <property name="java.vendor.version" value="Temurin-17.0.3+7"/>
    <property name="localRepository" value="/Users/massimo.sposato/.m2/repository"/>
    <property name="java.vendor.url.bug" value="https://github.com/adoptium/adoptium-support/issues"/>
    <property name="java.io.tmpdir" value="/var/folders/fb/bkf8wl0x4rv80y4pfl3cj2k40000gq/T/"/>
    <property name="java.version" value="17.0.3"/>
    <property name="user.dir" value="/Users/massimo.sposato/Documents/ws-sts/shoppingBasketDemo"/>
    <property name="os.arch" value="x86_64"/>
    <property name="java.vm.specification.name" value="Java Virtual Machine Specification"/>
    <property name="native.encoding" value="UTF-8"/>
    <property name="java.library.path" value="/Users/massimo.sposato/Library/Java/Extensions:/Library/Java/Extensions:/Network/Library/Java/Extensions:/System/Library/Java/Extensions:/usr/lib/java:."/>
    <property name="java.vm.info" value="mixed mode"/>
    <property name="java.vendor" value="Eclipse Adoptium"/>
    <property name="java.vm.version" value="17.0.3+7"/>
    <property name="sun.io.unicode.encoding" value="UnicodeBig"/>
    <property name="java.class.version" value="61.0"/>
  </properties>
  <testcase name="turnsRightClockWise(N,E) [0]" classname="com.shopping.demo.RoverTest" time="0.001"/>
  <testcase name="turnsRightClockWise(E,S) [1]" classname="com.shopping.demo.RoverTest" time="0"/>
  <testcase name="turnsRightClockWise(S,W) [2]" classname="com.shopping.demo.RoverTest" time="0"/>
  <testcase name="turnsRightClockWise(W,N) [3]" classname="com.shopping.demo.RoverTest" time="0"/>
  <testcase name="turnsLeftantiClockWise(N,W) [0]" classname="com.shopping.demo.RoverTest" time="0"/>
  <testcase name="turnsLeftantiClockWise(W,S) [1]" classname="com.shopping.demo.RoverTest" time="0.004">
    <failure message="expected:&lt;[S]&gt; but was:&lt;[W]&gt;" type="org.junit.ComparisonFailure"><![CDATA[org.junit.ComparisonFailure: expected:<[S]> but was:<[W]>
	at com.shopping.demo.RoverTest.turnsLeftantiClockWise(RoverTest.java:39)
]]></failure>
  </testcase>
  <testcase name="turnsLeftantiClockWise(S,E) [2]" classname="com.shopping.demo.RoverTest" time="0">
    <failure message="expected:&lt;[E]&gt; but was:&lt;[W]&gt;" type="org.junit.ComparisonFailure"><![CDATA[org.junit.ComparisonFailure: expected:<[E]> but was:<[W]>
	at com.shopping.demo.RoverTest.turnsLeftantiClockWise(RoverTest.java:39)
]]></failure>
  </testcase>
  <testcase name="turnsLeftantiClockWise(E,N) [3]" classname="com.shopping.demo.RoverTest" time="0">
    <failure message="expected:&lt;[N]&gt; but was:&lt;[W]&gt;" type="org.junit.ComparisonFailure"><![CDATA[org.junit.ComparisonFailure: expected:<[N]> but was:<[W]>
	at com.shopping.demo.RoverTest.turnsLeftantiClockWise(RoverTest.java:39)
]]></failure>
  </testcase>
</testsuite>